<?xml version="1.0" encoding="UTF-8"?>
<!-- Generated by org.testng.reporters.JUnitReportReporter -->
<testsuite hostname="PSDLAP385" failures="0" tests="6" name="test.MayagicTestcases" time="102.149" errors="0" timestamp="2024-12-19T18:40:57 IST" skipped="0">
  <testcase classname="test.MayagicTestcases" name="TestCase_001" time="5.423"/>
  <system-out/>
  <testcase classname="test.MayagicTestcases" name="TestCase_002" time="70.562"/>
  <system-out/>
  <testcase classname="test.MayagicTestcases" name="TestCase_003" time="5.920"/>
  <system-out/>
  <testcase classname="test.MayagicTestcases" name="TestCase_004" time="5.230"/>
  <system-out/>
  <testcase classname="test.MayagicTestcases" name="TestCase_005" time="5.902"/>
  <system-out/>
  <testcase classname="test.MayagicTestcases" name="TestCase_006" time="9.112"/>
  <system-out/>
</testsuite> <!-- test.MayagicTestcases -->
