<?xml version="1.0" encoding="UTF-8"?>
<!-- Generated by org.testng.reporters.JUnitReportReporter -->
<testsuite hostname="PSDLAP385" failures="0" tests="6" name="test.MayagicTestcases" time="101.653" errors="0" timestamp="2024-12-19T19:42:41 IST" skipped="0">
  <testcase classname="test.MayagicTestcases" name="TestCase_001" time="6.382"/>
  <system-out/>
  <testcase classname="test.MayagicTestcases" name="TestCase_002" time="70.697"/>
  <system-out/>
  <testcase classname="test.MayagicTestcases" name="TestCase_003" time="5.482"/>
  <system-out/>
  <testcase classname="test.MayagicTestcases" name="TestCase_004" time="5.182"/>
  <system-out/>
  <testcase classname="test.MayagicTestcases" name="TestCase_005" time="7.924"/>
  <system-out/>
  <testcase classname="test.MayagicTestcases" name="TestCase_006" time="5.986"/>
  <system-out/>
</testsuite> <!-- test.MayagicTestcases -->
